<?xml version="1.0" encoding="UTF-8"?>
<!-- Generated by org.testng.reporters.JUnitReportReporter -->
<testsuite skipped="0" hostname="DESKTOP-BSR4KSA" name="testCases.TC_002_LoginTest" tests="1" failures="0" timestamp="2023-02-01T13:48:21 CST" time="0.943" errors="0">
  <testcase name="test_Login" time="0.943" classname="testCases.TC_002_LoginTest"/>
  <system-out/>
</testsuite> <!-- testCases.TC_002_LoginTest -->
